<?xml version="1.0" encoding="UTF-8"?>
<testsuite name="TestTerminalMap" tests="1" skipped="0" failures="0" errors="0" timestamp="2020-02-18T11:28:09" hostname="Pranjalis-MacBook-Pro.local" time="0.802">
  <properties/>
  <testcase name="viewTerminal" classname="TestTerminalMap" time="0.802"/>
  <system-out><![CDATA[]]></system-out>
  <system-err><![CDATA[Starting ChromeDriver 80.0.3987.106 (f68069574609230cf9b635cd784cfb1bf81bb53a-refs/branch-heads/3987@{#882}) on port 8074
Only local connections are allowed.
Please protect ports used by ChromeDriver and related test frameworks to prevent access by malicious code.
Feb 18, 2020 4:58:09 PM org.openqa.selenium.remote.ProtocolHandshake createSession
INFO: Detected dialect: W3C
[1582025289.749][SEVERE]: Timed out receiving message from renderer: 0.100
[1582025289.850][SEVERE]: Timed out receiving message from renderer: 0.100
[1582025289.952][SEVERE]: Timed out receiving message from renderer: 0.100
[1582025290.054][SEVERE]: Timed out receiving message from renderer: 0.100
]]></system-err>
</testsuite>
